<?xml version="1.0" encoding="UTF-8"?>
<!-- Generated by org.testng.reporters.JUnitReportReporter -->
<testsuite hostname="WSB-009-72" failures="0" tests="7" name="by.onliner.goodsorder.BasketTest" time="7.611" errors="0" timestamp="05 Dec 2019 07:29:37 GMT" skipped="0">
  <testcase classname="by.onliner.goodsorder.BasketTest" name="test1" time="6.074"/>
  <testcase classname="by.onliner.goodsorder.BasketTest" name="test2" time="0.210"/>
  <testcase classname="by.onliner.goodsorder.BasketTest" name="test2" time="0.238"/>
  <testcase classname="by.onliner.goodsorder.BasketTest" name="test3" time="0.827"/>
  <testcase classname="by.onliner.goodsorder.BasketTest" name="test4" time="0.190"/>
  <testcase classname="by.onliner.goodsorder.BasketTest" name="test5" time="0.071"/>
  <testcase classname="by.onliner.goodsorder.BasketTest" name="test6" time="0.001"/>
</testsuite> <!-- by.onliner.goodsorder.BasketTest -->
