<?xml version="1.0" encoding="UTF-8"?>
<!-- Generated by org.testng.reporters.JUnitReportReporter -->
<testsuite hostname="WSB-009-72" failures="0" tests="5" name="by.onliner.goodsorder.BasketTest" time="7.102" errors="0" timestamp="04 Dec 2019 12:23:18 GMT" skipped="0">
  <testcase classname="by.onliner.goodsorder.BasketTest" name="test1" time="5.655"/>
  <testcase classname="by.onliner.goodsorder.BasketTest" name="test2" time="0.233"/>
  <testcase classname="by.onliner.goodsorder.BasketTest" name="test2" time="0.209"/>
  <testcase classname="by.onliner.goodsorder.BasketTest" name="test3" time="0.828"/>
  <testcase classname="by.onliner.goodsorder.BasketTest" name="test4" time="0.177"/>
</testsuite> <!-- by.onliner.goodsorder.BasketTest -->
