<?xml version="1.0" encoding="UTF-8"?>
<!-- Generated by org.testng.reporters.JUnitReportReporter -->
<testsuite hostname="WSB-009-72" failures="0" tests="2" name="by.onliner.goodsorder.BasketTest" time="11.318" errors="0" timestamp="03 Dec 2019 15:19:19 GMT" skipped="0">
  <testcase classname="by.onliner.goodsorder.BasketTest" name="increasItemByNumber" time="5.373"/>
  <testcase classname="by.onliner.goodsorder.BasketTest" name="putItemInTheBasket" time="5.945"/>
</testsuite> <!-- by.onliner.goodsorder.BasketTest -->
