<?xml version="1.0" encoding="UTF-8"?>
<!-- Generated by org.testng.reporters.JUnitReportReporter -->
<testsuite hostname="WSB-009-72" failures="0" tests="6" name="by.onliner.goodsorder.BasketTest" time="8.435" errors="0" timestamp="05 Dec 2019 11:52:59 GMT" skipped="0">
  <testcase classname="by.onliner.goodsorder.BasketTest" name="test1" time="6.600"/>
  <testcase classname="by.onliner.goodsorder.BasketTest" name="test2" time="0.251"/>
  <testcase classname="by.onliner.goodsorder.BasketTest" name="test2" time="0.202"/>
  <testcase classname="by.onliner.goodsorder.BasketTest" name="test3" time="0.369"/>
  <testcase classname="by.onliner.goodsorder.BasketTest" name="test4" time="0.349"/>
  <testcase classname="by.onliner.goodsorder.BasketTest" name="test5" time="0.664"/>
</testsuite> <!-- by.onliner.goodsorder.BasketTest -->
